{"C:\\Users\\KIIT\\personal-notes-api\\models\\Note.js": {"path":"C:\\Users\\KIIT\\personal-notes-api\\models\\Note.js","statementMap":{"0":{"start":{"line":1,"column":17},"end":{"line":1,"column":36}},"1":{"start":{"line":2,"column":19},"end":{"line":5,"column":2}},"2":{"start":{"line":6,"column":0},"end":{"line":6,"column":52}}},"fnMap":{},"branchMap":{},"s":{"0":1,"1":1,"2":1},"f":{},"b":{},"_coverageSchema":"1a1c01bbd47fc00a2c39e90264f33305004495a9","hash":"49b0f5c0b7472f05eb3cd3e665cb6df10df36d73"}
,"C:\\Users\\KIIT\\personal-notes-api\\routes\\notes.js": {"path":"C:\\Users\\KIIT\\personal-notes-api\\routes\\notes.js","statementMap":{"0":{"start":{"line":1,"column":16},"end":{"line":1,"column":34}},"1":{"start":{"line":2,"column":15},"end":{"line":2,"column":31}},"2":{"start":{"line":3,"column":13},"end":{"line":3,"column":38}},"3":{"start":{"line":5,"column":0},"end":{"line":8,"column":3}},"4":{"start":{"line":6,"column":16},"end":{"line":6,"column":33}},"5":{"start":{"line":7,"column":2},"end":{"line":7,"column":18}},"6":{"start":{"line":10,"column":0},"end":{"line":14,"column":3}},"7":{"start":{"line":11,"column":15},"end":{"line":11,"column":33}},"8":{"start":{"line":12,"column":2},"end":{"line":12,"column":20}},"9":{"start":{"line":13,"column":2},"end":{"line":13,"column":29}},"10":{"start":{"line":16,"column":0},"end":{"line":19,"column":3}},"11":{"start":{"line":17,"column":22},"end":{"line":17,"column":90}},"12":{"start":{"line":18,"column":2},"end":{"line":18,"column":24}},"13":{"start":{"line":21,"column":0},"end":{"line":24,"column":3}},"14":{"start":{"line":22,"column":2},"end":{"line":22,"column":46}},"15":{"start":{"line":23,"column":2},"end":{"line":23,"column":22}},"16":{"start":{"line":26,"column":0},"end":{"line":26,"column":24}}},"fnMap":{"0":{"name":"(anonymous_0)","decl":{"start":{"line":5,"column":16},"end":{"line":5,"column":17}},"loc":{"start":{"line":5,"column":36},"end":{"line":8,"column":1}},"line":5},"1":{"name":"(anonymous_1)","decl":{"start":{"line":10,"column":17},"end":{"line":10,"column":18}},"loc":{"start":{"line":10,"column":37},"end":{"line":14,"column":1}},"line":10},"2":{"name":"(anonymous_2)","decl":{"start":{"line":16,"column":19},"end":{"line":16,"column":20}},"loc":{"start":{"line":16,"column":39},"end":{"line":19,"column":1}},"line":16},"3":{"name":"(anonymous_3)","decl":{"start":{"line":21,"column":22},"end":{"line":21,"column":23}},"loc":{"start":{"line":21,"column":42},"end":{"line":24,"column":1}},"line":21}},"branchMap":{},"s":{"0":1,"1":1,"2":1,"3":1,"4":1,"5":1,"6":1,"7":1,"8":1,"9":1,"10":1,"11":0,"12":0,"13":1,"14":0,"15":0,"16":1},"f":{"0":1,"1":1,"2":0,"3":0},"b":{},"_coverageSchema":"1a1c01bbd47fc00a2c39e90264f33305004495a9","hash":"f3f163236ba074faa1bd36df6c5ef25df36c7106"}
}
